============================================================
  Generated by:           Genus(TM) Synthesis Solution 19.11-s087_1
  Generated on:           Jul 08 2024  10:21:55 pm
  Module:                 counter
  Operating conditions:   slow (balanced_tree)
  Wireload mode:          enclosed
  Area mode:              timing library
============================================================


Path 1: MET (8378 ps) Setup Check with Pin count_reg[7]/CK->SE
          Group: clk
     Startpoint: (R) count_reg[0]/CK
          Clock: (R) clk
       Endpoint: (R) count_reg[7]/SE
          Clock: (R) clk

                     Capture       Launch     
        Clock Edge:+   10000            0     
       Src Latency:+       0            0     
       Net Latency:+       0 (I)        0 (I) 
           Arrival:=   10000            0     
                                              
             Setup:-     241                  
       Uncertainty:-      10                  
     Required Time:=    9749                  
      Launch Clock:-       0                  
         Data Path:-    1371                  
             Slack:=    8378                  

#----------------------------------------------------------------------------------------
#  Timing Point   Flags   Arc   Edge   Cell     Fanout Load Trans Delay Arrival Instance 
#                                                      (fF)  (ps)  (ps)   (ps)  Location 
#----------------------------------------------------------------------------------------
  count_reg[0]/CK -       -     R     (arrival)      8    -   100     -       0    (-,-) 
  count_reg[0]/Q  -       CK->Q R     DFFRX1         4  7.1   111   402     402    (-,-) 
  g686__6161/Y    -       B->Y  F     NAND3X1        3  7.5   197   174     576    (-,-) 
  g684__1881/Y    -       AN->Y F     NAND2BX1       3  7.5   130   205     781    (-,-) 
  g683__7098/Y    -       AN->Y F     NAND2BX1       2  3.3    81   151     932    (-,-) 
  g679__1705/Y    -       B->Y  F     OR2X1          3  7.5    85   175    1107    (-,-) 
  g674__8428/Y    -       AN->Y F     NAND2BX1       2  4.5    94   149    1256    (-,-) 
  g666__5107/Y    -       B1->Y R     OAI22X1        1  4.9   151   115    1371    (-,-) 
  count_reg[7]/SE <<<     -     R     SDFFRHQX1      1    -     -     0    1371    (-,-) 
#----------------------------------------------------------------------------------------
