###############################################################
#  Generated by:      Cadence Innovus 20.14-s095_1
#  OS:                Linux x86_64(Host ID Entuple-Client-1)
#  Generated on:      Sat Jul 13 14:25:44 2024
#  Design:            counter
#  Command:           report_ccopt_skew_groups -file skew_groups.rpt
###############################################################

Skew Group Structure:
=====================

----------------------------------------------------------------------
Skew Group         Sources    Constrained Sinks    Unconstrained Sinks
----------------------------------------------------------------------
clk/CONSTRAINTS       1               8                     0
----------------------------------------------------------------------

Skew Group Summary:
===================

----------------------------------------------------------------------------------------------------------------------------------------------------------------------
Timing Corner           Skew Group         ID Target    Min ID    Max ID    Avg ID    Std.Dev. ID    Skew Target Type    Skew Target    Skew     Skew window occupancy
----------------------------------------------------------------------------------------------------------------------------------------------------------------------
MINDELAY:setup.early    clk/CONSTRAINTS        -        0.000     0.000     0.000        0.000       ignored                  -         0.000              -
MINDELAY:setup.late     clk/CONSTRAINTS    none         0.000     0.000     0.000        0.000       auto computed        0.214         0.000    100% {0.000, 0.000}
MAXDELAY:hold.early     clk/CONSTRAINTS        -        0.000     0.000     0.000        0.000       ignored                  -         0.000              -
MAXDELAY:hold.late      clk/CONSTRAINTS        -        0.000     0.000     0.000        0.000       ignored                  -         0.000              -
----------------------------------------------------------------------------------------------------------------------------------------------------------------------

* - indicates that target was not met.

Skew Group Min/Max path pins:
=============================

-------------------------------------------------------------------------------
Timing Corner           Skew Group         Min ID    PathID    Max ID    PathID
-------------------------------------------------------------------------------
MINDELAY:setup.early    clk/CONSTRAINTS    0.000       1       0.000       2
-    min count_reg[2]/CK
-    max count_reg[2]/CK
MINDELAY:setup.late     clk/CONSTRAINTS    0.000       3       0.000       4
-    min count_reg[2]/CK
-    max count_reg[2]/CK
MAXDELAY:hold.early     clk/CONSTRAINTS    0.000       5       0.000       6
-    min count_reg[2]/CK
-    max count_reg[2]/CK
MAXDELAY:hold.late      clk/CONSTRAINTS    0.000       7       0.000       8
-    min count_reg[2]/CK
-    max count_reg[2]/CK
-------------------------------------------------------------------------------

Timing for timing corner MINDELAY:setup.early, min clock_path:
==============================================================

PathID    : 1
Path type : skew group clk/CONSTRAINTS (path 1 of 1)
Start     : clk
End       : count_reg[2]/CK
Delay     : 0.000

----------------------------------------------------------------------------------------------
Name  Lib cell  Event  Incr   Arrival  Slew   Cap    Location         Distance  Fanout  Status
                       (ns)   (ns)     (ns)   (pF)                    (um)              
-- Clockpath trace ---------------------------------------------------------------------------
clk
-     -         rise   -       0.000   0.003  0.021  (0.000,18.415)   -           8     
count_reg[2]/CK
-     DFFRX1    rise   0.000   0.000   0.003  -      (14.645,21.895)   18.125   -       
----------------------------------------------------------------------------------------------

Timing for timing corner MINDELAY:setup.early, max clock_path:
==============================================================

PathID    : 2
Path type : skew group clk/CONSTRAINTS (path 1 of 1)
Start     : clk
End       : count_reg[7]/CK
Delay     : 0.000

-----------------------------------------------------------------------------------------------
Name  Lib cell   Event  Incr   Arrival  Slew   Cap    Location         Distance  Fanout  Status
                        (ns)   (ns)     (ns)   (pF)                    (um)              
-- Clockpath trace ----------------------------------------------------------------------------
clk
-     -          rise   -       0.000   0.003  0.021  (0.000,18.415)   -           8     
count_reg[7]/CK
-     SDFFRHQX1  rise   0.000   0.000   0.003  -      (19.285,11.455)   26.245   -       
-----------------------------------------------------------------------------------------------

Timing for timing corner MINDELAY:setup.late, min clock_path:
=============================================================

PathID    : 3
Path type : skew group clk/CONSTRAINTS (path 1 of 1)
Start     : clk
End       : count_reg[2]/CK
Delay     : 0.000

----------------------------------------------------------------------------------------------
Name  Lib cell  Event  Incr   Arrival  Slew   Cap    Location         Distance  Fanout  Status
                       (ns)   (ns)     (ns)   (pF)                    (um)              
-- Clockpath trace ---------------------------------------------------------------------------
clk
-     -         rise   -       0.000   0.003  0.021  (0.000,18.415)   -           8     
count_reg[2]/CK
-     DFFRX1    rise   0.000   0.000   0.003  -      (14.645,21.895)   18.125   -       
----------------------------------------------------------------------------------------------

Timing for timing corner MINDELAY:setup.late, max clock_path:
=============================================================

PathID    : 4
Path type : skew group clk/CONSTRAINTS (path 1 of 1)
Start     : clk
End       : count_reg[7]/CK
Delay     : 0.000

-----------------------------------------------------------------------------------------------
Name  Lib cell   Event  Incr   Arrival  Slew   Cap    Location         Distance  Fanout  Status
                        (ns)   (ns)     (ns)   (pF)                    (um)              
-- Clockpath trace ----------------------------------------------------------------------------
clk
-     -          rise   -       0.000   0.003  0.021  (0.000,18.415)   -           8     
count_reg[7]/CK
-     SDFFRHQX1  rise   0.000   0.000   0.003  -      (19.285,11.455)   26.245   -       
-----------------------------------------------------------------------------------------------

Timing for timing corner MAXDELAY:hold.early, min clock_path:
=============================================================

PathID    : 5
Path type : skew group clk/CONSTRAINTS (path 1 of 1)
Start     : clk
End       : count_reg[2]/CK
Delay     : 0.000

----------------------------------------------------------------------------------------------
Name  Lib cell  Event  Incr   Arrival  Slew   Cap    Location         Distance  Fanout  Status
                       (ns)   (ns)     (ns)   (pF)                    (um)              
-- Clockpath trace ---------------------------------------------------------------------------
clk
-     -         rise   -       0.000   0.003  0.021  (0.000,18.415)   -           8     
count_reg[2]/CK
-     DFFRX1    rise   0.000   0.000   0.003  -      (14.645,21.895)   18.125   -       
----------------------------------------------------------------------------------------------

Timing for timing corner MAXDELAY:hold.early, max clock_path:
=============================================================

PathID    : 6
Path type : skew group clk/CONSTRAINTS (path 1 of 1)
Start     : clk
End       : count_reg[7]/CK
Delay     : 0.000

-----------------------------------------------------------------------------------------------
Name  Lib cell   Event  Incr   Arrival  Slew   Cap    Location         Distance  Fanout  Status
                        (ns)   (ns)     (ns)   (pF)                    (um)              
-- Clockpath trace ----------------------------------------------------------------------------
clk
-     -          rise   -       0.000   0.003  0.021  (0.000,18.415)   -           8     
count_reg[7]/CK
-     SDFFRHQX1  rise   0.000   0.000   0.003  -      (19.285,11.455)   26.245   -       
-----------------------------------------------------------------------------------------------

Timing for timing corner MAXDELAY:hold.late, min clock_path:
============================================================

PathID    : 7
Path type : skew group clk/CONSTRAINTS (path 1 of 1)
Start     : clk
End       : count_reg[2]/CK
Delay     : 0.000

----------------------------------------------------------------------------------------------
Name  Lib cell  Event  Incr   Arrival  Slew   Cap    Location         Distance  Fanout  Status
                       (ns)   (ns)     (ns)   (pF)                    (um)              
-- Clockpath trace ---------------------------------------------------------------------------
clk
-     -         rise   -       0.000   0.003  0.021  (0.000,18.415)   -           8     
count_reg[2]/CK
-     DFFRX1    rise   0.000   0.000   0.003  -      (14.645,21.895)   18.125   -       
----------------------------------------------------------------------------------------------

Timing for timing corner MAXDELAY:hold.late, max clock_path:
============================================================

PathID    : 8
Path type : skew group clk/CONSTRAINTS (path 1 of 1)
Start     : clk
End       : count_reg[7]/CK
Delay     : 0.000

-----------------------------------------------------------------------------------------------
Name  Lib cell   Event  Incr   Arrival  Slew   Cap    Location         Distance  Fanout  Status
                        (ns)   (ns)     (ns)   (pF)                    (um)              
-- Clockpath trace ----------------------------------------------------------------------------
clk
-     -          rise   -       0.000   0.003  0.021  (0.000,18.415)   -           8     
count_reg[7]/CK
-     SDFFRHQX1  rise   0.000   0.000   0.003  -      (19.285,11.455)   26.245   -       
-----------------------------------------------------------------------------------------------
